[0mGET /api/employees [32m200[0m 8.425 ms - 26[0m
[0mGET /api/employees [32m200[0m 2.902 ms - 26[0m
[0mGET /favicon.ico [33m404[0m 2.180 ms - 150[0m
[0mGET /api/employees [32m200[0m 1.990 ms - 26[0m
[0mPOST /api/employees [32m201[0m 21.046 ms - 125[0m
[0mPOST /api/employees [32m201[0m 2.872 ms - 124[0m
[0mGET /api/employees [32m200[0m 2.317 ms - 228[0m
[0mPOST /api/employees [32m201[0m 3.141 ms - 124[0m
[0mPUT /api/employees/3 [32m200[0m 7.384 ms - 125[0m
[0mGET /api/employees [32m200[0m 2.098 ms - 330[0m
[0mPOST /api/employees [32m201[0m 2.535 ms - 124[0m
[0mDELETE /api/employees/4 [32m200[0m 2.214 ms - 25[0m
[0mGET /api/employees [32m200[0m 3.269 ms - 330[0m
[0mGET /api/employees [36m304[0m 9.708 ms - -[0m
[0mGET /api/employees [36m304[0m 3.212 ms - -[0m
[0mGET /api/employees [36m304[0m 2.603 ms - -[0m
[0mGET /api/employees [36m304[0m 2.486 ms - -[0m
[0mGET /api/employees [36m304[0m 2.704 ms - -[0m
[0mGET /api/employees [36m304[0m 3.571 ms - -[0m
[0mGET /api/employees [36m304[0m 2.052 ms - -[0m
[0mGET /api/employees [36m304[0m 2.244 ms - -[0m
[0mPOST /api/employees [32m201[0m 24.711 ms - 154[0m
[0mGET /api/employees [32m200[0m 3.157 ms - 156[0m
[0mGET /api/employees [36m304[0m 2.788 ms - -[0m
[0mGET /api/employees [32m200[0m 4.472 ms - 156[0m
[0mGET /api/employees [32m200[0m 2.577 ms - 156[0m
[0mGET /api/employees [36m304[0m 3.038 ms - -[0m
[0mGET /api/employees [36m304[0m 2.837 ms - -[0m
[0mGET /api/employees [36m304[0m 3.427 ms - -[0m
[0mGET /api/employees [36m304[0m 2.449 ms - -[0m
[0mGET /api/employees [36m304[0m 2.355 ms - -[0m
[0mGET /api/employees [36m304[0m 2.570 ms - -[0m
[0mGET /api/employees [36m304[0m 2.408 ms - -[0m
[0mGET /api/employees [36m304[0m 3.939 ms - -[0m
[0mGET /api/employees [36m304[0m 2.603 ms - -[0m
[0mGET /api/employees [36m304[0m 3.381 ms - -[0m
[0mGET /api/employees [36m304[0m 2.928 ms - -[0m
[0mGET /api/employees [36m304[0m 2.311 ms - -[0m
[0mGET /api/employees [36m304[0m 7.807 ms - -[0m
[0mGET /api/employees [36m304[0m 2.283 ms - -[0m
[0mGET /api/employees [36m304[0m 2.832 ms - -[0m
[0mGET /api/employees [36m304[0m 2.622 ms - -[0m
[0mGET /api/employees [36m304[0m 2.335 ms - -[0m
[0mGET /api/employees [36m304[0m 2.214 ms - -[0m
[0mGET /api/employees [36m304[0m 3.272 ms - -[0m
[0mGET /api/employees [36m304[0m 3.677 ms - -[0m
[0mGET /api/employees [36m304[0m 2.093 ms - -[0m
[0mGET /api/employees [36m304[0m 4.781 ms - -[0m
[0mGET /api/employees [36m304[0m 2.267 ms - -[0m
[0mGET /api/employees [36m304[0m 2.145 ms - -[0m
[0mGET /api/employees [36m304[0m 2.218 ms - -[0m
[0mGET /api/employees [36m304[0m 2.387 ms - -[0m
[0mGET /api/employees [36m304[0m 2.877 ms - -[0m
[0mGET /api/employees [36m304[0m 2.586 ms - -[0m
[0mGET /api/employees [36m304[0m 5.215 ms - -[0m
[0mGET /api/employees [36m304[0m 2.153 ms - -[0m
[0mGET /api/employees [36m304[0m 2.312 ms - -[0m
[0mGET /api/employees [36m304[0m 2.791 ms - -[0m
[0mGET /api/employees [36m304[0m 2.989 ms - -[0m
[0mGET /api/employees [36m304[0m 2.233 ms - -[0m
[0mGET /api/employees [36m304[0m 1.988 ms - -[0m
[0mGET /api/employees [36m304[0m 2.926 ms - -[0m
[0mGET /api/employees [36m304[0m 2.640 ms - -[0m
[0mGET /api/employees [36m304[0m 2.813 ms - -[0m
[0mGET /api/employees [36m304[0m 2.897 ms - -[0m
[0mGET /api/employees [36m304[0m 2.429 ms - -[0m
[0mGET /api/employees [36m304[0m 2.329 ms - -[0m
[0mGET /api/employees [36m304[0m 2.694 ms - -[0m
[0mGET /api/employees [36m304[0m 2.942 ms - -[0m
[0mGET /api/employees [36m304[0m 2.284 ms - -[0m
[0mGET /api/employees [36m304[0m 2.232 ms - -[0m
[0mGET /api/employees [36m304[0m 4.093 ms - -[0m
[0mGET /api/employees [36m304[0m 2.637 ms - -[0m
[0mGET /api/employees [36m304[0m 2.243 ms - -[0m
[0mGET /api/employees [36m304[0m 2.983 ms - -[0m
[0mGET /api/employees [36m304[0m 2.845 ms - -[0m
[0mGET /api/employees [36m304[0m 3.544 ms - -[0m
[0mGET /api/employees [36m304[0m 4.313 ms - -[0m
[0mGET /api/employees [36m304[0m 2.045 ms - -[0m
[0mGET /api/employees [36m304[0m 2.512 ms - -[0m
[0mGET /api/employees [36m304[0m 2.267 ms - -[0m
[0mGET /api/employees [36m304[0m 2.369 ms - -[0m
[0mGET /api/employees [36m304[0m 2.865 ms - -[0m
[0mGET /api/employees [36m304[0m 2.338 ms - -[0m
[0mGET /api/employees [36m304[0m 2.292 ms - -[0m
[0mGET /api/employees [36m304[0m 2.625 ms - -[0m
[0mGET /api/employees [36m304[0m 2.017 ms - -[0m
[0mGET /api/employees [36m304[0m 2.503 ms - -[0m
[0mGET /api/employees [36m304[0m 2.157 ms - -[0m
[0mGET /api/employees [36m304[0m 2.316 ms - -[0m
[0mGET /api/employees [36m304[0m 2.476 ms - -[0m
[0mGET /api/employees [36m304[0m 2.778 ms - -[0m
[0mGET /api/employees [36m304[0m 2.096 ms - -[0m
[0mGET /api/employees [36m304[0m 2.882 ms - -[0m
[0mGET /api/employees [36m304[0m 2.212 ms - -[0m
[0mGET /api/employees [36m304[0m 2.402 ms - -[0m
[0mGET /api/employees [36m304[0m 1.925 ms - -[0m
[0mGET /api/employees [36m304[0m 2.115 ms - -[0m
[0mGET /api/employees [36m304[0m 8.516 ms - -[0m
[0mGET /api/employees [36m304[0m 2.875 ms - -[0m
[0mGET /api/employees [36m304[0m 2.561 ms - -[0m
[0mGET /api/employees [36m304[0m 2.485 ms - -[0m
[0mGET /api/employees [36m304[0m 2.558 ms - -[0m
[0mGET /api/employees [36m304[0m 2.814 ms - -[0m
[0mGET /api/employees [36m304[0m 2.648 ms - -[0m
[0mGET /api/employees [36m304[0m 3.576 ms - -[0m
[0mGET /api/employees [36m304[0m 2.423 ms - -[0m
[0mGET /api/employees [36m304[0m 2.493 ms - -[0m
[0mGET /api/employees [36m304[0m 2.419 ms - -[0m
[0mGET /api/employees [32m200[0m 2.198 ms - 156[0m
[0mGET /api/employees [32m200[0m 3.181 ms - 156[0m
[0mGET /api/employees [36m304[0m 2.776 ms - -[0m
[0mGET /api/employees [36m304[0m 7.494 ms - -[0m
[0mGET /api/employees [36m304[0m 2.248 ms - -[0m
[0mGET /api/employees [36m304[0m 2.111 ms - -[0m
[0mGET /api/employees [36m304[0m 2.393 ms - -[0m
[0mGET /api/employees [36m304[0m 2.829 ms - -[0m
[0mGET /api/employees [36m304[0m 2.291 ms - -[0m
[0mGET /api/employees [36m304[0m 2.581 ms - -[0m
[0mGET /api/employees [36m304[0m 3.008 ms - -[0m
[0mGET /api/employees [36m304[0m 2.058 ms - -[0m
[0mGET /api/employees [36m304[0m 3.770 ms - -[0m
[0mGET /api/employees [36m304[0m 2.370 ms - -[0m
[0mGET /api/employees [36m304[0m 2.499 ms - -[0m
[0mGET /api/employees [36m304[0m 2.082 ms - -[0m
[0mGET /api/employees [36m304[0m 2.455 ms - -[0m
[0mGET /api/employees [36m304[0m 3.729 ms - -[0m
[0mGET /api/employees [36m304[0m 6.103 ms - -[0m
[0mGET /api/employees [36m304[0m 2.491 ms - -[0m
[0mGET /api/employees [36m304[0m 2.486 ms - -[0m
[0mGET /api/employees [36m304[0m 2.949 ms - -[0m
[0mGET /api/employees [36m304[0m 2.470 ms - -[0m
[0mGET /api/employees [36m304[0m 2.254 ms - -[0m
[0mGET /api/employees [36m304[0m 2.854 ms - -[0m
[0mGET /api/employees [36m304[0m 4.291 ms - -[0m
[0mGET /api/employees [36m304[0m 3.150 ms - -[0m
[0mGET /api/employees [36m304[0m 4.385 ms - -[0m
[0mGET /api/employees [36m304[0m 3.813 ms - -[0m
[0mGET /api/employees [36m304[0m 2.631 ms - -[0m
[0mGET /api/employees [36m304[0m 2.153 ms - -[0m
[0mGET /api/employees [36m304[0m 4.336 ms - -[0m
[0mGET /api/employees [36m304[0m 2.432 ms - -[0m
[0mGET /api/employees [36m304[0m 2.909 ms - -[0m
[0mGET /api/employees [36m304[0m 2.785 ms - -[0m
[0mGET /api/employees [36m304[0m 3.980 ms - -[0m
[0mGET /api/employees [36m304[0m 3.721 ms - -[0m
[0mGET /api/employees [36m304[0m 2.717 ms - -[0m
[0mGET /api/employees [36m304[0m 3.015 ms - -[0m
[0mGET /api/employees [36m304[0m 2.631 ms - -[0m
[0mGET /api/employees [36m304[0m 2.538 ms - -[0m
[0mGET /api/employees [36m304[0m 2.140 ms - -[0m
[0mGET /api/employees [36m304[0m 2.217 ms - -[0m
[0mGET /api/employees [36m304[0m 2.757 ms - -[0m
[0mGET /api/employees [36m304[0m 2.293 ms - -[0m
[0mGET /api/employees [36m304[0m 1.966 ms - -[0m
[0mGET /api/employees [36m304[0m 3.031 ms - -[0m
[0mGET /api/employees [36m304[0m 2.123 ms - -[0m
[0mGET /api/employees [36m304[0m 2.499 ms - -[0m
[0mGET /api/employees [36m304[0m 2.958 ms - -[0m
[0mGET /api/employees [36m304[0m 2.439 ms - -[0m
[0mGET /api/employees [36m304[0m 2.680 ms - -[0m
[0mGET /api/employees [36m304[0m 3.233 ms - -[0m
[0mGET /api/employees [36m304[0m 2.162 ms - -[0m
[0mGET /api/employees [36m304[0m 2.475 ms - -[0m
[0mGET /api/employees [36m304[0m 2.319 ms - -[0m
[0mGET /api/employees [36m304[0m 2.129 ms - -[0m
[0mGET /api/employees [36m304[0m 2.747 ms - -[0m
[0mPOST /api/employees [32m201[0m 6.822 ms - 152[0m
[0mGET /api/employees [32m200[0m 2.381 ms - 285[0m
[0mGET /api/employees [36m304[0m 2.836 ms - -[0m
[0mGET /api/employees [36m304[0m 2.349 ms - -[0m
[0mGET /api/employees [36m304[0m 2.378 ms - -[0m
[0mGET /api/employees [36m304[0m 4.283 ms - -[0m
[0mGET /api/employees [36m304[0m 2.299 ms - -[0m
[0mGET /api/employees [36m304[0m 2.807 ms - -[0m
[0mGET /api/employees [36m304[0m 3.003 ms - -[0m
[0mGET /api/employees [36m304[0m 2.502 ms - -[0m
[0mGET /api/employees [36m304[0m 2.193 ms - -[0m
[0mGET /api/employees [36m304[0m 1.849 ms - -[0m
[0mGET /api/employees [36m304[0m 2.462 ms - -[0m
[0mGET /api/employees [36m304[0m 9.419 ms - -[0m
[0mGET /api/employees [32m200[0m 11.880 ms - 663[0m
[0mOPTIONS /api/employees [32m204[0m 0.554 ms - 0[0m
[0mPOST /api/employees [32m201[0m 226.789 ms - 151[0m
[0mGET /api/employees [32m200[0m 3.130 ms - 789[0m
[0mGET /api/employees [36m304[0m 4.131 ms - -[0m
[0mGET /api/employees [36m304[0m 2.816 ms - -[0m
[0mGET /api/employees [36m304[0m 3.377 ms - -[0m
[0mGET /api/employees [36m304[0m 3.005 ms - -[0m
[0mGET /api/employees [36m304[0m 2.827 ms - -[0m
[0mGET /api/employees [36m304[0m 2.686 ms - -[0m
[0mGET /api/employees [36m304[0m 3.518 ms - -[0m
[0mGET /api/employees [36m304[0m 2.804 ms - -[0m
[0mGET /api/employees [36m304[0m 2.659 ms - -[0m
[0mGET /api/employees [36m304[0m 3.847 ms - -[0m
[0mGET /api/employees [36m304[0m 2.461 ms - -[0m
[0mGET /api/employees [36m304[0m 2.276 ms - -[0m
[0mGET /api/employees [36m304[0m 2.375 ms - -[0m
[0mGET /api/employees [36m304[0m 2.380 ms - -[0m
[0mGET /api/employees [36m304[0m 2.535 ms - -[0m
[0mGET /api/employees [36m304[0m 2.539 ms - -[0m
[0mGET /api/employees [36m304[0m 2.725 ms - -[0m
[0mGET /api/employees [36m304[0m 2.440 ms - -[0m
[0mGET /api/employees [36m304[0m 2.734 ms - -[0m
[0mGET /api/employees [36m304[0m 2.471 ms - -[0m
[0mGET /api/employees [36m304[0m 2.521 ms - -[0m
[0mGET /api/employees [36m304[0m 2.516 ms - -[0m
[0mGET /api/employees [36m304[0m 2.354 ms - -[0m
[0mGET /api/employees [36m304[0m 2.355 ms - -[0m
[0mGET /api/employees [36m304[0m 2.642 ms - -[0m
[0mGET /api/employees [36m304[0m 2.698 ms - -[0m
[0mGET /api/employees [36m304[0m 3.557 ms - -[0m
[0mGET /api/employees [36m304[0m 2.326 ms - -[0m
[0mGET /api/employees [36m304[0m 2.313 ms - -[0m
[0mGET /api/employees [36m304[0m 2.760 ms - -[0m
[0mGET /api/employees [36m304[0m 2.209 ms - -[0m
[0mGET /api/employees [36m304[0m 2.356 ms - -[0m
[0mGET /api/employees [36m304[0m 2.281 ms - -[0m
[0mGET /api/employees [36m304[0m 2.367 ms - -[0m
[0mGET /api/employees [36m304[0m 2.601 ms - -[0m
[0mGET /api/employees [36m304[0m 2.504 ms - -[0m
[0mGET /api/employees [36m304[0m 2.875 ms - -[0m
[0mGET /api/employees [36m304[0m 2.408 ms - -[0m
[0mGET /api/employees [36m304[0m 2.575 ms - -[0m
[0mGET /api/employees [36m304[0m 3.155 ms - -[0m
[0mGET /api/employees [36m304[0m 3.213 ms - -[0m
[0mGET /api/employees [36m304[0m 2.366 ms - -[0m
[0mGET /api/employees [36m304[0m 2.379 ms - -[0m
[0mGET /api/employees [36m304[0m 2.515 ms - -[0m
[0mGET /api/employees [36m304[0m 3.507 ms - -[0m
[0mGET /api/employees [36m304[0m 2.257 ms - -[0m
[0mGET /api/employees [36m304[0m 2.338 ms - -[0m
[0mGET /api/employees [36m304[0m 2.431 ms - -[0m
[0mGET /api/employees [36m304[0m 2.938 ms - -[0m
[0mGET /api/employees [36m304[0m 3.532 ms - -[0m
[0mGET /api/employees [36m304[0m 2.435 ms - -[0m
[0mGET /api/employees [36m304[0m 2.467 ms - -[0m
[0mGET /api/employees [36m304[0m 2.744 ms - -[0m
[0mGET /api/employees [36m304[0m 2.613 ms - -[0m
[0mGET /api/employees [36m304[0m 2.397 ms - -[0m
[0mGET /api/employees [36m304[0m 2.834 ms - -[0m
[0mGET /api/employees [36m304[0m 2.575 ms - -[0m
[0mGET /api/employees [36m304[0m 2.448 ms - -[0m
[0mGET /api/employees [36m304[0m 2.917 ms - -[0m
[0mGET /api/employees [36m304[0m 2.326 ms - -[0m
[0mGET /api/employees [36m304[0m 2.659 ms - -[0m
[0mGET /api/employees [36m304[0m 3.196 ms - -[0m
[0mGET /api/employees [36m304[0m 2.177 ms - -[0m
[0mGET /api/employees [36m304[0m 2.353 ms - -[0m
[0mGET /api/employees [36m304[0m 2.511 ms - -[0m
[0mGET /api/employees [36m304[0m 2.690 ms - -[0m
[0mGET /api/employees [36m304[0m 2.320 ms - -[0m
[0mGET /api/employees [36m304[0m 2.518 ms - -[0m
[0mGET /api/employees [36m304[0m 2.595 ms - -[0m
[0mGET /api/employees [36m304[0m 2.503 ms - -[0m
[0mGET /api/employees [36m304[0m 2.044 ms - -[0m
[0mGET /api/employees [36m304[0m 2.308 ms - -[0m
[0mGET /api/employees [36m304[0m 2.315 ms - -[0m
[0mGET /api/employees [36m304[0m 2.307 ms - -[0m
[0mGET /api/employees [36m304[0m 2.207 ms - -[0m
[0mGET /api/employees [36m304[0m 2.104 ms - -[0m
[0mGET /api/employees [36m304[0m 2.018 ms - -[0m
[0mGET /api/employees [36m304[0m 2.094 ms - -[0m
[0mGET /api/employees [36m304[0m 2.307 ms - -[0m
[0mGET /api/employees [36m304[0m 3.329 ms - -[0m
[0mGET /api/employees [36m304[0m 2.221 ms - -[0m
[0mGET /api/employees [36m304[0m 1.990 ms - -[0m
[0mGET /api/employees [36m304[0m 2.071 ms - -[0m
[0mGET /api/employees [36m304[0m 2.390 ms - -[0m
[0mGET /api/employees [36m304[0m 2.394 ms - -[0m
[0mGET /api/employees [36m304[0m 2.067 ms - -[0m
[0mGET /api/employees [36m304[0m 2.224 ms - -[0m
[0mGET /api/employees [36m304[0m 1.970 ms - -[0m
[0mGET /api/employees [36m304[0m 2.170 ms - -[0m
[0mGET /api/employees [36m304[0m 2.325 ms - -[0m
[0mGET /api/employees [36m304[0m 2.083 ms - -[0m
[0mGET /api/employees [36m304[0m 2.687 ms - -[0m
[0mGET /api/employees [36m304[0m 2.064 ms - -[0m
[0mGET /api/employees [36m304[0m 1.996 ms - -[0m
[0mGET /api/employees [36m304[0m 2.271 ms - -[0m
[0mGET /api/employees [36m304[0m 2.658 ms - -[0m
[0mGET /api/employees [36m304[0m 2.115 ms - -[0m
[0mGET /api/employees [36m304[0m 2.419 ms - -[0m
[0mGET /api/employees [36m304[0m 2.770 ms - -[0m
[0mGET /api/employees [36m304[0m 1.934 ms - -[0m
[0mGET /api/employees/6 [33m404[0m 2.009 ms - 154[0m
[0mGET /api/employees [36m304[0m 2.218 ms - -[0m
[0mGET /api/employees [36m304[0m 2.159 ms - -[0m
[0mGET /api/employees [36m304[0m 1.882 ms - -[0m
[0mGET /api/employees [36m304[0m 2.422 ms - -[0m
[0mGET /api/employees [36m304[0m 3.190 ms - -[0m
[0mGET /api/employees [36m304[0m 2.234 ms - -[0m
[0mGET /api/employees [36m304[0m 2.199 ms - -[0m
[0mOPTIONS /api/employees/6 [32m204[0m 0.212 ms - 0[0m
[0mDELETE /api/employees/6 [32m200[0m 6.465 ms - 25[0m
[0mGET /api/employees [32m200[0m 3.285 ms - 663[0m
[0mOPTIONS /api/employees [32m204[0m 0.173 ms - 0[0m
[0mPOST /api/employees [32m201[0m 13.110 ms - 154[0m
[0mGET /api/employees [32m200[0m 1.917 ms - 792[0m
[0mGET /api/employees [36m304[0m 2.472 ms - -[0m
[0mGET /api/employees [36m304[0m 2.031 ms - -[0m
[0mOPTIONS /api/employees/7 [32m204[0m 0.143 ms - 0[0m
[0mDELETE /api/employees/7 [32m200[0m 11.617 ms - 25[0m
[0mGET /api/employees [32m200[0m 1.691 ms - 663[0m
[0mGET /api/employees [36m304[0m 3.552 ms - -[0m
[0mGET /api/employees [36m304[0m 3.825 ms - -[0m
[0mGET /api/employees [36m304[0m 2.545 ms - -[0m
[0mGET /api/employees [36m304[0m 2.067 ms - -[0m
